# JRE version: OpenJDK Runtime Environment (8.0_111-b14) (build 1.8.0_111-8u111-b14-2ubuntu0.16.04.2-b14)
# Java VM: OpenJDK 64-Bit Server VM (25.111-b14 mixed mode linux-amd64 compressed oops)
Heap:
 PSYoungGen      total 56832K, used 56384K [0x00000000ebf80000, 0x00000000ffa00000, 0x0000000100000000)
  eden space 56320K, 100% used [0x00000000ebf80000,0x00000000ef680000,0x00000000ef680000)
  from space 512K, 12% used [0x00000000ff900000,0x00000000ff910000,0x00000000ff980000)
  to   space 512K, 0% used [0x00000000ff980000,0x00000000ff980000,0x00000000ffa00000)
 ParOldGen       total 42496K, used 2964K [0x00000000c3e00000, 0x00000000c6780000, 0x00000000ebf80000)
  object space 42496K, 6% used [0x00000000c3e00000,0x00000000c40e5070,0x00000000c6780000)
 Metaspace       used 15071K, capacity 15286K, committed 15488K, reserved 1062912K
  class space    used 1750K, capacity 1849K, committed 1920K, reserved 1048576K
GC Heap History (10 events):
Event: 758.747 GC heap before
{Heap before GC invocations=1593 (full 0):
 PSYoungGen      total 55296K, used 54816K [0x00000000ebf80000, 0x00000000ffa00000, 0x0000000100000000)
  eden space 54784K, 100% used [0x00000000ebf80000,0x00000000ef500000,0x00000000ef500000)
  from space 512K, 6% used [0x00000000ff980000,0x00000000ff988000,0x00000000ffa00000)
  to   space 512K, 0% used [0x00000000ff900000,0x00000000ff900000,0x00000000ff980000)
 ParOldGen       total 42496K, used 2932K [0x00000000c3e00000, 0x00000000c6780000, 0x00000000ebf80000)
  object space 42496K, 6% used [0x00000000c3e00000,0x00000000c40dd070,0x00000000c6780000)
 Metaspace       used 15066K, capacity 15286K, committed 15488K, reserved 1062912K
  class space    used 1749K, capacity 1849K, committed 1920K, reserved 1048576K
Event: 758.749 GC heap after
Heap after GC invocations=1593 (full 0):
 PSYoungGen      total 53248K, used 32K [0x00000000ebf80000, 0x00000000ffa00000, 0x0000000100000000)
  eden space 52736K, 0% used [0x00000000ebf80000,0x00000000ebf80000,0x00000000ef300000)
  from space 512K, 6% used [0x00000000ff900000,0x00000000ff908000,0x00000000ff980000)
  to   space 512K, 0% used [0x00000000ff980000,0x00000000ff980000,0x00000000ffa00000)
 ParOldGen       total 42496K, used 2932K [0x00000000c3e00000, 0x00000000c6780000, 0x00000000ebf80000)
  object space 42496K, 6% used [0x00000000c3e00000,0x00000000c40dd070,0x00000000c6780000)
 Metaspace       used 15066K, capacity 15286K, committed 15488K, reserved 1062912K
  class space    used 1749K, capacity 1849K, committed 1920K, reserved 1048576K
}
Event: 759.103 GC heap before
{Heap before GC invocations=1594 (full 0):
 PSYoungGen      total 53248K, used 52768K [0x00000000ebf80000, 0x00000000ffa00000, 0x0000000100000000)
  eden space 52736K, 100% used [0x00000000ebf80000,0x00000000ef300000,0x00000000ef300000)
  from space 512K, 6% used [0x00000000ff900000,0x00000000ff908000,0x00000000ff980000)
  to   space 512K, 0% used [0x00000000ff980000,0x00000000ff980000,0x00000000ffa00000)
 ParOldGen       total 42496K, used 2932K [0x00000000c3e00000, 0x00000000c6780000, 0x00000000ebf80000)
  object space 42496K, 6% used [0x00000000c3e00000,0x00000000c40dd070,0x00000000c6780000)
 Metaspace       used 15066K, capacity 15286K, committed 15488K, reserved 1062912K
  class space    used 1749K, capacity 1849K, committed 1920K, reserved 1048576K
Event: 759.105 GC heap after
Heap after GC invocations=1594 (full 0):
 PSYoungGen      total 51712K, used 32K [0x00000000ebf80000, 0x00000000ffa00000, 0x0000000100000000)
  eden space 51200K, 0% used [0x00000000ebf80000,0x00000000ebf80000,0x00000000ef180000)
  from space 512K, 6% used [0x00000000ff980000,0x00000000ff988000,0x00000000ffa00000)
  to   space 512K, 0% used [0x00000000ff900000,0x00000000ff900000,0x00000000ff980000)
 ParOldGen       total 42496K, used 2932K [0x00000000c3e00000, 0x00000000c6780000, 0x00000000ebf80000)
  object space 42496K, 6% used [0x00000000c3e00000,0x00000000c40dd070,0x00000000c6780000)
 Metaspace       used 15066K, capacity 15286K, committed 15488K, reserved 1062912K
  class space    used 1749K, capacity 1849K, committed 1920K, reserved 1048576K
}
Event: 759.372 GC heap before
{Heap before GC invocations=1595 (full 0):
 PSYoungGen      total 51712K, used 51232K [0x00000000ebf80000, 0x00000000ffa00000, 0x0000000100000000)
  eden space 51200K, 100% used [0x00000000ebf80000,0x00000000ef180000,0x00000000ef180000)
  from space 512K, 6% used [0x00000000ff980000,0x00000000ff988000,0x00000000ffa00000)
  to   space 512K, 0% used [0x00000000ff900000,0x00000000ff900000,0x00000000ff980000)
 ParOldGen       total 42496K, used 2932K [0x00000000c3e00000, 0x00000000c6780000, 0x00000000ebf80000)
  object space 42496K, 6% used [0x00000000c3e00000,0x00000000c40dd070,0x00000000c6780000)
 Metaspace       used 15066K, capacity 15286K, committed 15488K, reserved 1062912K
  class space    used 1749K, capacity 1849K, committed 1920K, reserved 1048576K
Event: 759.376 GC heap after
Heap after GC invocations=1595 (full 0):
 PSYoungGen      total 50176K, used 32K [0x00000000ebf80000, 0x00000000ffa00000, 0x0000000100000000)
  eden space 49664K, 0% used [0x00000000ebf80000,0x00000000ebf80000,0x00000000ef000000)
  from space 512K, 6% used [0x00000000ff900000,0x00000000ff908000,0x00000000ff980000)
  to   space 512K, 0% used [0x00000000ff980000,0x00000000ff980000,0x00000000ffa00000)
 ParOldGen       total 42496K, used 2932K [0x00000000c3e00000, 0x00000000c6780000, 0x00000000ebf80000)
  object space 42496K, 6% used [0x00000000c3e00000,0x00000000c40dd070,0x00000000c6780000)
 Metaspace       used 15066K, capacity 15286K, committed 15488K, reserved 1062912K
  class space    used 1749K, capacity 1849K, committed 1920K, reserved 1048576K
}
Event: 759.661 GC heap before
{Heap before GC invocations=1596 (full 0):
 PSYoungGen      total 50176K, used 49696K [0x00000000ebf80000, 0x00000000ffa00000, 0x0000000100000000)
  eden space 49664K, 100% used [0x00000000ebf80000,0x00000000ef000000,0x00000000ef000000)
  from space 512K, 6% used [0x00000000ff900000,0x00000000ff908000,0x00000000ff980000)
  to   space 512K, 0% used [0x00000000ff980000,0x00000000ff980000,0x00000000ffa00000)
 ParOldGen       total 42496K, used 2932K [0x00000000c3e00000, 0x00000000c6780000, 0x00000000ebf80000)
  object space 42496K, 6% used [0x00000000c3e00000,0x00000000c40dd070,0x00000000c6780000)
 Metaspace       used 15066K, capacity 15286K, committed 15488K, reserved 1062912K
  class space    used 1749K, capacity 1849K, committed 1920K, reserved 1048576K
Event: 759.664 GC heap after
Heap after GC invocations=1596 (full 0):
 PSYoungGen      total 48640K, used 32K [0x00000000ebf80000, 0x00000000ffa00000, 0x0000000100000000)
  eden space 48128K, 0% used [0x00000000ebf80000,0x00000000ebf80000,0x00000000eee80000)
  from space 512K, 6% used [0x00000000ff980000,0x00000000ff988000,0x00000000ffa00000)
  to   space 512K, 0% used [0x00000000ff900000,0x00000000ff900000,0x00000000ff980000)
 ParOldGen       total 42496K, used 2932K [0x00000000c3e00000, 0x00000000c6780000, 0x00000000ebf80000)
  object space 42496K, 6% used [0x00000000c3e00000,0x00000000c40dd070,0x00000000c6780000)
 Metaspace       used 15066K, capacity 15286K, committed 15488K, reserved 1062912K
  class space    used 1749K, capacity 1849K, committed 1920K, reserved 1048576K
}
Event: 759.948 GC heap before
{Heap before GC invocations=1597 (full 0):
 PSYoungGen      total 48640K, used 48160K [0x00000000ebf80000, 0x00000000ffa00000, 0x0000000100000000)
  eden space 48128K, 100% used [0x00000000ebf80000,0x00000000eee80000,0x00000000eee80000)
  from space 512K, 6% used [0x00000000ff980000,0x00000000ff988000,0x00000000ffa00000)
  to   space 512K, 0% used [0x00000000ff900000,0x00000000ff900000,0x00000000ff980000)
 ParOldGen       total 42496K, used 2932K [0x00000000c3e00000, 0x00000000c6780000, 0x00000000ebf80000)
  object space 42496K, 6% used [0x00000000c3e00000,0x00000000c40dd070,0x00000000c6780000)
 Metaspace       used 15066K, capacity 15286K, committed 15488K, reserved 1062912K
  class space    used 1749K, capacity 1849K, committed 1920K, reserved 1048576K
Event: 759.951 GC heap after
Heap after GC invocations=1597 (full 0):
 PSYoungGen      total 47104K, used 32K [0x00000000ebf80000, 0x00000000ffa00000, 0x0000000100000000)
  eden space 46592K, 0% used [0x00000000ebf80000,0x00000000ebf80000,0x00000000eed00000)
  from space 512K, 6% used [0x00000000ff900000,0x00000000ff908000,0x00000000ff980000)
  to   space 512K, 0% used [0x00000000ff980000,0x00000000ff980000,0x00000000ffa00000)
 ParOldGen       total 42496K, used 2932K [0x00000000c3e00000, 0x00000000c6780000, 0x00000000ebf80000)
  object space 42496K, 6% used [0x00000000c3e00000,0x00000000c40dd070,0x00000000c6780000)
 Metaspace       used 15066K, capacity 15286K, committed 15488K, reserved 1062912K
  class space    used 1749K, capacity 1849K, committed 1920K, reserved 1048576K
}

