# JRE version: OpenJDK Runtime Environment (8.0_111-b14) (build 1.8.0_111-8u111-b14-2ubuntu0.16.04.2-b14)
# Java VM: OpenJDK 64-Bit Server VM (25.111-b14 mixed mode linux-amd64 compressed oops)
Heap:
 PSYoungGen      total 75264K, used 9004K [0x00000000ebf80000, 0x00000000ffa00000, 0x0000000100000000)
  eden space 74752K, 12% used [0x00000000ebf80000,0x00000000ec843128,0x00000000f0880000)
  from space 512K, 6% used [0x00000000ff900000,0x00000000ff908000,0x00000000ff980000)
  to   space 512K, 0% used [0x00000000ff980000,0x00000000ff980000,0x00000000ffa00000)
 ParOldGen       total 42496K, used 3527K [0x00000000c3e00000, 0x00000000c6780000, 0x00000000ebf80000)
  object space 42496K, 8% used [0x00000000c3e00000,0x00000000c4171ea0,0x00000000c6780000)
 Metaspace       used 15002K, capacity 15214K, committed 15488K, reserved 1062912K
  class space    used 1753K, capacity 1849K, committed 1920K, reserved 1048576K
GC Heap History (10 events):
Event: 761.313 GC heap before
{Heap before GC invocations=1519 (full 0):
 PSYoungGen      total 73216K, used 72736K [0x00000000ebf80000, 0x00000000ffa00000, 0x0000000100000000)
  eden space 72704K, 100% used [0x00000000ebf80000,0x00000000f0680000,0x00000000f0680000)
  from space 512K, 6% used [0x00000000ff980000,0x00000000ff988000,0x00000000ffa00000)
  to   space 512K, 0% used [0x00000000ff900000,0x00000000ff900000,0x00000000ff980000)
 ParOldGen       total 42496K, used 3527K [0x00000000c3e00000, 0x00000000c6780000, 0x00000000ebf80000)
  object space 42496K, 8% used [0x00000000c3e00000,0x00000000c4171ea0,0x00000000c6780000)
 Metaspace       used 15002K, capacity 15214K, committed 15488K, reserved 1062912K
  class space    used 1753K, capacity 1849K, committed 1920K, reserved 1048576K
Event: 761.317 GC heap after
Heap after GC invocations=1519 (full 0):
 PSYoungGen      total 88064K, used 32K [0x00000000ebf80000, 0x00000000ffa00000, 0x0000000100000000)
  eden space 87552K, 0% used [0x00000000ebf80000,0x00000000ebf80000,0x00000000f1500000)
  from space 512K, 6% used [0x00000000ff900000,0x00000000ff908000,0x00000000ff980000)
  to   space 512K, 0% used [0x00000000ff980000,0x00000000ff980000,0x00000000ffa00000)
 ParOldGen       total 42496K, used 3527K [0x00000000c3e00000, 0x00000000c6780000, 0x00000000ebf80000)
  object space 42496K, 8% used [0x00000000c3e00000,0x00000000c4171ea0,0x00000000c6780000)
 Metaspace       used 15002K, capacity 15214K, committed 15488K, reserved 1062912K
  class space    used 1753K, capacity 1849K, committed 1920K, reserved 1048576K
}
Event: 761.862 GC heap before
{Heap before GC invocations=1520 (full 0):
 PSYoungGen      total 88064K, used 87584K [0x00000000ebf80000, 0x00000000ffa00000, 0x0000000100000000)
  eden space 87552K, 100% used [0x00000000ebf80000,0x00000000f1500000,0x00000000f1500000)
  from space 512K, 6% used [0x00000000ff900000,0x00000000ff908000,0x00000000ff980000)
  to   space 512K, 0% used [0x00000000ff980000,0x00000000ff980000,0x00000000ffa00000)
 ParOldGen       total 42496K, used 3527K [0x00000000c3e00000, 0x00000000c6780000, 0x00000000ebf80000)
  object space 42496K, 8% used [0x00000000c3e00000,0x00000000c4171ea0,0x00000000c6780000)
 Metaspace       used 15002K, capacity 15214K, committed 15488K, reserved 1062912K
  class space    used 1753K, capacity 1849K, committed 1920K, reserved 1048576K
Event: 761.864 GC heap after
Heap after GC invocations=1520 (full 0):
 PSYoungGen      total 84480K, used 32K [0x00000000ebf80000, 0x00000000ffa00000, 0x0000000100000000)
  eden space 83968K, 0% used [0x00000000ebf80000,0x00000000ebf80000,0x00000000f1180000)
  from space 512K, 6% used [0x00000000ff980000,0x00000000ff988000,0x00000000ffa00000)
  to   space 512K, 0% used [0x00000000ff900000,0x00000000ff900000,0x00000000ff980000)
 ParOldGen       total 42496K, used 3527K [0x00000000c3e00000, 0x00000000c6780000, 0x00000000ebf80000)
  object space 42496K, 8% used [0x00000000c3e00000,0x00000000c4171ea0,0x00000000c6780000)
 Metaspace       used 15002K, capacity 15214K, committed 15488K, reserved 1062912K
  class space    used 1753K, capacity 1849K, committed 1920K, reserved 1048576K
}
Event: 762.364 GC heap before
{Heap before GC invocations=1521 (full 0):
 PSYoungGen      total 84480K, used 84000K [0x00000000ebf80000, 0x00000000ffa00000, 0x0000000100000000)
  eden space 83968K, 100% used [0x00000000ebf80000,0x00000000f1180000,0x00000000f1180000)
  from space 512K, 6% used [0x00000000ff980000,0x00000000ff988000,0x00000000ffa00000)
  to   space 512K, 0% used [0x00000000ff900000,0x00000000ff900000,0x00000000ff980000)
 ParOldGen       total 42496K, used 3527K [0x00000000c3e00000, 0x00000000c6780000, 0x00000000ebf80000)
  object space 42496K, 8% used [0x00000000c3e00000,0x00000000c4171ea0,0x00000000c6780000)
 Metaspace       used 15002K, capacity 15214K, committed 15488K, reserved 1062912K
  class space    used 1753K, capacity 1849K, committed 1920K, reserved 1048576K
Event: 762.366 GC heap after
Heap after GC invocations=1521 (full 0):
 PSYoungGen      total 81408K, used 32K [0x00000000ebf80000, 0x00000000ffa00000, 0x0000000100000000)
  eden space 80896K, 0% used [0x00000000ebf80000,0x00000000ebf80000,0x00000000f0e80000)
  from space 512K, 6% used [0x00000000ff900000,0x00000000ff908000,0x00000000ff980000)
  to   space 512K, 0% used [0x00000000ff980000,0x00000000ff980000,0x00000000ffa00000)
 ParOldGen       total 42496K, used 3527K [0x00000000c3e00000, 0x00000000c6780000, 0x00000000ebf80000)
  object space 42496K, 8% used [0x00000000c3e00000,0x00000000c4171ea0,0x00000000c6780000)
 Metaspace       used 15002K, capacity 15214K, committed 15488K, reserved 1062912K
  class space    used 1753K, capacity 1849K, committed 1920K, reserved 1048576K
}
Event: 762.802 GC heap before
{Heap before GC invocations=1522 (full 0):
 PSYoungGen      total 81408K, used 80928K [0x00000000ebf80000, 0x00000000ffa00000, 0x0000000100000000)
  eden space 80896K, 100% used [0x00000000ebf80000,0x00000000f0e80000,0x00000000f0e80000)
  from space 512K, 6% used [0x00000000ff900000,0x00000000ff908000,0x00000000ff980000)
  to   space 512K, 0% used [0x00000000ff980000,0x00000000ff980000,0x00000000ffa00000)
 ParOldGen       total 42496K, used 3527K [0x00000000c3e00000, 0x00000000c6780000, 0x00000000ebf80000)
  object space 42496K, 8% used [0x00000000c3e00000,0x00000000c4171ea0,0x00000000c6780000)
 Metaspace       used 15002K, capacity 15214K, committed 15488K, reserved 1062912K
  class space    used 1753K, capacity 1849K, committed 1920K, reserved 1048576K
Event: 762.805 GC heap after
Heap after GC invocations=1522 (full 0):
 PSYoungGen      total 78336K, used 32K [0x00000000ebf80000, 0x00000000ffa00000, 0x0000000100000000)
  eden space 77824K, 0% used [0x00000000ebf80000,0x00000000ebf80000,0x00000000f0b80000)
  from space 512K, 6% used [0x00000000ff980000,0x00000000ff988000,0x00000000ffa00000)
  to   space 512K, 0% used [0x00000000ff900000,0x00000000ff900000,0x00000000ff980000)
 ParOldGen       total 42496K, used 3527K [0x00000000c3e00000, 0x00000000c6780000, 0x00000000ebf80000)
  object space 42496K, 8% used [0x00000000c3e00000,0x00000000c4171ea0,0x00000000c6780000)
 Metaspace       used 15002K, capacity 15214K, committed 15488K, reserved 1062912K
  class space    used 1753K, capacity 1849K, committed 1920K, reserved 1048576K
}
Event: 763.219 GC heap before
{Heap before GC invocations=1523 (full 0):
 PSYoungGen      total 78336K, used 77856K [0x00000000ebf80000, 0x00000000ffa00000, 0x0000000100000000)
  eden space 77824K, 100% used [0x00000000ebf80000,0x00000000f0b80000,0x00000000f0b80000)
  from space 512K, 6% used [0x00000000ff980000,0x00000000ff988000,0x00000000ffa00000)
  to   space 512K, 0% used [0x00000000ff900000,0x00000000ff900000,0x00000000ff980000)
 ParOldGen       total 42496K, used 3527K [0x00000000c3e00000, 0x00000000c6780000, 0x00000000ebf80000)
  object space 42496K, 8% used [0x00000000c3e00000,0x00000000c4171ea0,0x00000000c6780000)
 Metaspace       used 15002K, capacity 15214K, committed 15488K, reserved 1062912K
  class space    used 1753K, capacity 1849K, committed 1920K, reserved 1048576K
Event: 763.220 GC heap after
Heap after GC invocations=1523 (full 0):
 PSYoungGen      total 75264K, used 32K [0x00000000ebf80000, 0x00000000ffa00000, 0x0000000100000000)
  eden space 74752K, 0% used [0x00000000ebf80000,0x00000000ebf80000,0x00000000f0880000)
  from space 512K, 6% used [0x00000000ff900000,0x00000000ff908000,0x00000000ff980000)
  to   space 512K, 0% used [0x00000000ff980000,0x00000000ff980000,0x00000000ffa00000)
 ParOldGen       total 42496K, used 3527K [0x00000000c3e00000, 0x00000000c6780000, 0x00000000ebf80000)
  object space 42496K, 8% used [0x00000000c3e00000,0x00000000c4171ea0,0x00000000c6780000)
 Metaspace       used 15002K, capacity 15214K, committed 15488K, reserved 1062912K
  class space    used 1753K, capacity 1849K, committed 1920K, reserved 1048576K
}

